This is pdfTeX, Version 3.141592653-2.6-1.40.27 (MiKTeX 25.4) (preloaded format=pdflatex 2025.5.19)  19 MAY 2025 18:47
entering extended mode
 restricted \write18 enabled.
 %&-line parsing enabled.
**./refman.tex
(refman.tex
LaTeX2e <2024-11-01> patch level 2
L3 programming layer <2025-04-14>

(C:\Users\Sokaina Cherkane\AppData\Local\Programs\MiKTeX\tex/generic/iftex\ifte
x.sty
Package: iftex 2024/12/12 v1.0g TeX engine tests
)
(C:\Users\Sokaina Cherkane\AppData\Local\Programs\MiKTeX\tex/latex/base\book.cl
s
Document Class: book 2024/06/29 v1.4n Standard LaTeX document class

(C:\Users\Sokaina Cherkane\AppData\Local\Programs\MiKTeX\tex/latex/base\bk10.cl
o
File: bk10.clo 2024/06/29 v1.4n Standard LaTeX file (size option)
)
\c@part=\count272
\c@chapter=\count273
\c@section=\count274
\c@subsection=\count275
\c@subsubsection=\count276
\c@paragraph=\count277
\c@subparagraph=\count278
\c@figure=\count279
\c@table=\count280
\abovecaptionskip=\skip49
\belowcaptionskip=\skip50
\bibindent=\dimen146
)
(C:\Users\Sokaina Cherkane\AppData\Local\Programs\MiKTeX\tex/latex/base\ifthen.
sty
Package: ifthen 2024/03/16 v1.1e Standard LaTeX ifthen package (DPC)
)
(C:\Users\Sokaina Cherkane\AppData\Local\Programs\MiKTeX\tex/latex/tools\array.
sty
Rollback for package 'array' requested -> date 2016-10-06.
         Best approximation is the release introduced on 2016-10-06.

(C:\Users\Sokaina Cherkane\AppData\Local\Programs\MiKTeX\tex/latex/tools\array-
2016-10-06.sty
Package: array 2016/10/06 v2.4d Tabular extension package (FMi)
\col@sep=\dimen147
\extrarowheight=\dimen148
\NC@list=\toks17
\extratabsurround=\skip51
\backup@length=\skip52
))
(C:\Users\Sokaina Cherkane\AppData\Local\Programs\MiKTeX\tex/generic/infwarerr\
infwarerr.sty
package info suppressed
) (doxygen.sty
Package: doxygen 

(C:\Users\Sokaina Cherkane\AppData\Local\Programs\MiKTeX\tex/latex/base\alltt.s
ty
Package: alltt 2024/07/07 v2.0g defines alltt environment
)
(C:\Users\Sokaina Cherkane\AppData\Local\Programs\MiKTeX\tex/latex/tools\calc.s
ty
Package: calc 2023/07/08 v4.3 Infix arithmetic (KKT,FJ)
\calc@Acount=\count281
\calc@Bcount=\count282
\calc@Adimen=\dimen149
\calc@Bdimen=\dimen150
\calc@Askip=\skip53
\calc@Bskip=\skip54
LaTeX Info: Redefining \setlength on input line 80.
LaTeX Info: Redefining \addtolength on input line 81.
\calc@Ccount=\count283
\calc@Cskip=\skip55
)
(C:\Users\Sokaina Cherkane\AppData\Local\Programs\MiKTeX\tex/latex/float\float.
sty
Package: float 2001/11/08 v1.3d Float enhancements (AL)
\c@float@type=\count284
\float@exts=\toks18
\float@box=\box53
\@float@everytoks=\toks19
\@floatcapt=\box54
)
(C:\Users\Sokaina Cherkane\AppData\Local\Programs\MiKTeX\tex/latex/tools\verbat
im.sty
Package: verbatim 2024-01-22 v1.5x LaTeX2e package for verbatim enhancements
\every@verbatim=\toks20
\verbatim@line=\toks21
\verbatim@in@stream=\read2
)
(C:\Users\Sokaina Cherkane\AppData\Local\Programs\MiKTeX\tex/latex/xcolor\xcolo
r.sty
Package: xcolor 2024/09/29 v3.02 LaTeX color extensions (UK)

(C:\Users\Sokaina Cherkane\AppData\Local\Programs\MiKTeX\tex/latex/graphics-cfg
\color.cfg
File: color.cfg 2016/01/02 v1.6 sample color configuration
)
Package xcolor Info: Driver file: pdftex.def on input line 274.

(C:\Users\Sokaina Cherkane\AppData\Local\Programs\MiKTeX\tex/latex/graphics-def
\pdftex.def
File: pdftex.def 2024/04/13 v1.2c Graphics/color driver for pdftex
)
(C:\Users\Sokaina Cherkane\AppData\Local\Programs\MiKTeX\tex/latex/graphics\mat
hcolor.ltx)
Package xcolor Info: Model `cmy' substituted by `cmy0' on input line 1349.
Package xcolor Info: Model `hsb' substituted by `rgb' on input line 1353.
Package xcolor Info: Model `RGB' extended on input line 1365.
Package xcolor Info: Model `HTML' substituted by `rgb' on input line 1367.
Package xcolor Info: Model `Hsb' substituted by `hsb' on input line 1368.
Package xcolor Info: Model `tHsb' substituted by `hsb' on input line 1369.
Package xcolor Info: Model `HSB' substituted by `hsb' on input line 1370.
Package xcolor Info: Model `Gray' substituted by `gray' on input line 1371.
Package xcolor Info: Model `wave' substituted by `hsb' on input line 1372.
)
(C:\Users\Sokaina Cherkane\AppData\Local\Programs\MiKTeX\tex/latex/colortbl\col
ortbl.sty
Package: colortbl 2024/07/06 v1.0i Color table columns (DPC)
\everycr=\toks22
\minrowclearance=\skip56
\rownum=\count285
) (longtable_doxygen.sty
Package: longtable_doxygen 2014/10/28 v4.11 Multi-page Table package (DPC) - fr
ozen version for doxygen
\LTleft=\skip57
\LTright=\skip58
\LTpre=\skip59
\LTpost=\skip60
\LTchunksize=\count286
\LTcapwidth=\dimen151
\LT@head=\box55
\LT@firsthead=\box56
\LT@foot=\box57
\LT@lastfoot=\box58
\LT@cols=\count287
\LT@rows=\count288
\c@LT@tables=\count289
\c@LT@chunks=\count290
\LT@p@ftn=\toks23
) (tabu_doxygen.sty
Package: tabu_doxygen 2011/02/26 v2.8 - flexible LaTeX tabulars (FC), frozen ve
rsion for doxygen

(C:\Users\Sokaina Cherkane\AppData\Local\Programs\MiKTeX\tex/latex/varwidth\var
width.sty
Package: varwidth 2009/03/30 ver 0.92;  Variable-width minipages
\@vwid@box=\box59
\sift@deathcycles=\count291
\@vwid@loff=\dimen152
\@vwid@roff=\dimen153
)
\c@taburow=\count292
\tabu@nbcols=\count293
\tabu@cnt=\count294
\tabu@Xcol=\count295
\tabu@alloc=\count296
\tabu@nested=\count297
\tabu@target=\dimen154
\tabu@spreadtarget=\dimen155
\tabu@naturalX=\dimen156
\tabucolX=\dimen157
\tabu@Xsum=\dimen158
\extrarowdepth=\dimen159
\abovetabulinesep=\dimen160
\belowtabulinesep=\dimen161
\tabustrutrule=\dimen162
\tabu@thebody=\toks24
\tabu@footnotes=\toks25
\tabu@box=\box60
\tabu@arstrutbox=\box61
\tabu@hleads=\box62
\tabu@vleads=\box63
\tabu@cellskip=\skip61
)
(C:\Users\Sokaina Cherkane\AppData\Local\Programs\MiKTeX\tex/latex/fancyvrb\fan
cyvrb.sty
Package: fancyvrb 2024/01/20 4.5c verbatim text (tvz,hv)

(C:\Users\Sokaina Cherkane\AppData\Local\Programs\MiKTeX\tex/latex/graphics\key
val.sty
Package: keyval 2022/05/29 v1.15 key=value parser (DPC)
\KV@toks@=\toks26
)
\FV@CodeLineNo=\count298
\FV@InFile=\read3
\FV@TabBox=\box64
\c@FancyVerbLine=\count299
\FV@StepNumber=\count300
\FV@OutFile=\write3
)
(C:\Users\Sokaina Cherkane\AppData\Local\Programs\MiKTeX\tex/latex/tools\tabula
rx.sty
Package: tabularx 2023/12/11 v2.12a `tabularx' package (DPC)
\TX@col@width=\dimen163
\TX@old@table=\dimen164
\TX@old@col=\dimen165
\TX@target=\dimen166
\TX@delta=\dimen167
\TX@cols=\count301
\TX@ftn=\toks27
)
(C:\Users\Sokaina Cherkane\AppData\Local\Programs\MiKTeX\tex/latex/tools\multic
ol.sty
Package: multicol 2024/09/14 v1.9i multicolumn formatting (FMi)
\c@tracingmulticols=\count302
\mult@box=\box65
\multicol@leftmargin=\dimen168
\c@unbalance=\count303
\c@collectmore=\count304
\doublecol@number=\count305
\multicoltolerance=\count306
\multicolpretolerance=\count307
\full@width=\dimen169
\page@free=\dimen170
\premulticols=\dimen171
\postmulticols=\dimen172
\multicolsep=\skip62
\multicolbaselineskip=\skip63
\partial@page=\box66
\last@line=\box67
\mc@boxedresult=\box68
\maxbalancingoverflow=\dimen173
\mult@rightbox=\box69
\mult@grightbox=\box70
\mult@firstbox=\box71
\mult@gfirstbox=\box72
\@tempa=\box73
\@tempa=\box74
\@tempa=\box75
\@tempa=\box76
\@tempa=\box77
\@tempa=\box78
\@tempa=\box79
\@tempa=\box80
\@tempa=\box81
\@tempa=\box82
\@tempa=\box83
\@tempa=\box84
\@tempa=\box85
\@tempa=\box86
\@tempa=\box87
\@tempa=\box88
\@tempa=\box89
\@tempa=\box90
\@tempa=\box91
\@tempa=\box92
\@tempa=\box93
\@tempa=\box94
\@tempa=\box95
\@tempa=\box96
\@tempa=\box97
\@tempa=\box98
\@tempa=\box99
\@tempa=\box100
\@tempa=\box101
\@tempa=\box102
\@tempa=\box103
\@tempa=\box104
\@tempa=\box105
\@tempa=\box106
\@tempa=\box107
\@tempa=\box108
\c@minrows=\count308
\c@columnbadness=\count309
\c@finalcolumnbadness=\count310
\last@try=\dimen174
\multicolovershoot=\dimen175
\multicolundershoot=\dimen176
\mult@nat@firstbox=\box109
\colbreak@box=\box110
\mc@col@check@num=\count311
)
(C:\Users\Sokaina Cherkane\AppData\Local\Programs\MiKTeX\tex/latex/multirow\mul
tirow.sty
Package: multirow 2024/11/12 v2.9 Span multiple rows of a table
\multirow@colwidth=\skip64
\multirow@cntb=\count312
\multirow@dima=\skip65
\bigstrutjot=\dimen177
)
(C:\Users\Sokaina Cherkane\AppData\Local\Programs\MiKTeX\tex/latex/hanging\hang
ing.sty
Package: hanging 2009/09/02 v1.2b hanging paragraphs and punctuation
\h@ngcommawd=\skip66
\h@ngfstopwd=\skip67
\h@ngquotewd=\skip68
\h@ngdquotewd=\skip69
\h@ngquerywd=\skip70
\h@ngexclwd=\skip71
\h@ngcolonwd=\skip72
\h@ngscolonwd=\skip73
)
(C:\Users\Sokaina Cherkane\AppData\Local\Programs\MiKTeX\tex/generic/iftex\ifpd
f.sty
Package: ifpdf 2019/10/25 v3.4 ifpdf legacy package. Use iftex instead.
)
(C:\Users\Sokaina Cherkane\AppData\Local\Programs\MiKTeX\tex/latex/adjustbox\ad
justbox.sty
Package: adjustbox 2025/02/26 v1.3c Adjusting TeX boxes (trim, clip, ...)

(C:\Users\Sokaina Cherkane\AppData\Local\Programs\MiKTeX\tex/latex/xkeyval\xkey
val.sty
Package: xkeyval 2022/06/16 v2.9 package option processing (HA)

(C:\Users\Sokaina Cherkane\AppData\Local\Programs\MiKTeX\tex/generic/xkeyval\xk
eyval.tex
(C:\Users\Sokaina Cherkane\AppData\Local\Programs\MiKTeX\tex/generic/xkeyval\xk
vutils.tex
\XKV@toks=\toks28
\XKV@tempa@toks=\toks29
)
\XKV@depth=\count313
File: xkeyval.tex 2014/12/03 v2.7a key=value parser (HA)
))
(C:\Users\Sokaina Cherkane\AppData\Local\Programs\MiKTeX\tex/latex/adjustbox\ad
jcalc.sty
Package: adjcalc 2012/05/16 v1.1 Provides advanced setlength with multiple back
-ends (calc, etex, pgfmath)
)
(C:\Users\Sokaina Cherkane\AppData\Local\Programs\MiKTeX\tex/latex/adjustbox\tr
imclip.sty
Package: trimclip 2025/02/21 v1.2a Trim and clip general TeX material

(C:\Users\Sokaina Cherkane\AppData\Local\Programs\MiKTeX\tex/latex/graphics\gra
phicx.sty
Package: graphicx 2021/09/16 v1.2d Enhanced LaTeX Graphics (DPC,SPQR)

(C:\Users\Sokaina Cherkane\AppData\Local\Programs\MiKTeX\tex/latex/graphics\gra
phics.sty
Package: graphics 2024/08/06 v1.4g Standard LaTeX Graphics (DPC,SPQR)

(C:\Users\Sokaina Cherkane\AppData\Local\Programs\MiKTeX\tex/latex/graphics\tri
g.sty
Package: trig 2023/12/02 v1.11 sin cos tan (DPC)
)
(C:\Users\Sokaina Cherkane\AppData\Local\Programs\MiKTeX\tex/latex/graphics-cfg
\graphics.cfg
File: graphics.cfg 2016/06/04 v1.11 sample graphics configuration
)
Package graphics Info: Driver file: pdftex.def on input line 106.
)
\Gin@req@height=\dimen178
\Gin@req@width=\dimen179
)
(C:\Users\Sokaina Cherkane\AppData\Local\Programs\MiKTeX\tex/latex/collectbox\c
ollectbox.sty
Package: collectbox 2022/10/17 v0.4c Collect macro arguments as boxes
\collectedbox=\box111
)
\tc@llx=\dimen180
\tc@lly=\dimen181
\tc@urx=\dimen182
\tc@ury=\dimen183
Package trimclip Info: Using driver 'tc-pdftex.def'.

(C:\Users\Sokaina Cherkane\AppData\Local\Programs\MiKTeX\tex/latex/adjustbox\tc
-pdftex.def
File: tc-pdftex.def 2025/02/26 v2.3 Clipping driver for pdftex
))
\adjbox@Width=\dimen184
\adjbox@Height=\dimen185
\adjbox@Depth=\dimen186
\adjbox@Totalheight=\dimen187
\adjbox@pwidth=\dimen188
\adjbox@pheight=\dimen189
\adjbox@pdepth=\dimen190
\adjbox@ptotalheight=\dimen191

(C:\Users\Sokaina Cherkane\AppData\Local\Programs\MiKTeX\tex/latex/ifoddpage\if
oddpage.sty
Package: ifoddpage 2022/10/18 v1.2 Conditionals for odd/even page detection
\c@checkoddpage=\count314
))
(C:\Users\Sokaina Cherkane\AppData\Local\Programs\MiKTeX\tex/latex/amsfonts\ams
symb.sty
Package: amssymb 2013/01/14 v3.01 AMS font symbols

(C:\Users\Sokaina Cherkane\AppData\Local\Programs\MiKTeX\tex/latex/amsfonts\ams
fonts.sty
Package: amsfonts 2013/01/14 v3.01 Basic AMSFonts support
\@emptytoks=\toks30
\symAMSa=\mathgroup4
\symAMSb=\mathgroup5
LaTeX Font Info:    Redeclaring math symbol \hbar on input line 98.
LaTeX Font Info:    Overwriting math alphabet `\mathfrak' in version `bold'
(Font)                  U/euf/m/n --> U/euf/b/n on input line 106.
))
(C:\Users\Sokaina Cherkane\AppData\Local\Programs\MiKTeX\tex/latex/stackengine\
stackengine.sty
Package: stackengine 2021/07/22 v4.11\ Stacking text and objects in convenient 
ways

(C:\Users\Sokaina Cherkane\AppData\Local\Programs\MiKTeX\tex/latex/etoolbox\eto
olbox.sty
Package: etoolbox 2025/02/11 v2.5l e-TeX tools for LaTeX (JAW)
\etb@tempcnta=\count315
)
(C:\Users\Sokaina Cherkane\AppData\Local\Programs\MiKTeX\tex/latex/listofitems\
listofitems.sty
(C:\Users\Sokaina Cherkane\AppData\Local\Programs\MiKTeX\tex/generic/listofitem
s\listofitems.tex
\loi_cnt_foreach_nest=\count316
\loi_nestcnt=\count317
)
Package: listofitems 2024/03/09 v1.65 Grab items in lists using user-specified 
sep char (CT)
)
\c@@stackindex=\count318
\@boxshift=\skip74
\stack@tmplength=\skip75
\temp@stkl=\skip76
\@stackedboxwidth=\skip77
\@addedbox=\box112
\@anchorbox=\box113
\@insetbox=\box114
\se@backgroundbox=\box115
\stackedbox=\box116
\@centerbox=\box117
\c@ROWcellindex@=\count319
)
(C:\Users\Sokaina Cherkane\AppData\Local\Programs\MiKTeX\tex/latex/enumitem\enu
mitem.sty
Package: enumitem 2025/02/06 v3.11 Customized lists
\labelindent=\skip78
\enit@outerparindent=\dimen192
\enit@toks=\toks31
\enit@inbox=\box118
\enit@count@id=\count320
\enitdp@description=\count321
)
(C:\Users\Sokaina Cherkane\AppData\Local\Programs\MiKTeX\tex/generic/alphalph\a
lphalph.sty
Package: alphalph 2019/12/09 v2.6 Convert numbers to letters (HO)

(C:\Users\Sokaina Cherkane\AppData\Local\Programs\MiKTeX\tex/generic/intcalc\in
tcalc.sty
Package: intcalc 2019/12/15 v1.3 Expandable calculations with integers (HO)
))
(C:\Users\Sokaina Cherkane\AppData\Local\Programs\MiKTeX\tex/latex/ulem\ulem.st
y
\UL@box=\box119
\UL@hyphenbox=\box120
\UL@skip=\skip79
\UL@hook=\toks32
\UL@height=\dimen193
\UL@pe=\count322
\UL@pixel=\dimen194
\ULC@box=\box121
Package: ulem 2019/11/18
\ULdepth=\dimen195
)
\xrefbox=\box122
\xreflength=\skip80
\CodeWidthChar=\skip81
\CodeHeightChar=\skip82
\DoxyCodeWidth=\skip83
\c@DoxyEnumeratei=\count323
\c@DoxyEnumerateii=\count324
\c@DoxyEnumerateiii=\count325
\c@DoxyEnumerateiv=\count326
\c@DoxyEnumeratev=\count327
\c@DoxyEnumeratevi=\count328
\c@DoxyEnumeratevii=\count329
\c@DoxyEnumerateviii=\count330
\c@DoxyEnumerateix=\count331
\c@DoxyEnumeratex=\count332
\c@DoxyEnumeratexi=\count333
\c@DoxyEnumeratexii=\count334
\enitdp@DoxyEnumerate=\count335
\enitdp@DoxyItemize=\count336
\c@subsubsubsection=\count337
\c@subsubsubsubsection=\count338
\c@subsubsubsubsubsection=\count339
\c@subsubsubsubsubsubsection=\count340
)
(C:\Users\Sokaina Cherkane\AppData\Local\Programs\MiKTeX\tex/latex/base\inputen
c.sty
Package: inputenc 2024/02/08 v1.3d Input encoding file
\inpenc@prehook=\toks33
\inpenc@posthook=\toks34
)
(C:\Users\Sokaina Cherkane\AppData\Local\Programs\MiKTeX\tex/latex/base\makeidx
.sty
Package: makeidx 2021/10/04 v1.0m Standard LaTeX package
)
(C:\Users\Sokaina Cherkane\AppData\Local\Programs\MiKTeX\tex/latex/base\textcom
p.sty
Package: textcomp 2024/04/24 v2.1b Standard LaTeX package
)
(C:\Users\Sokaina Cherkane\AppData\Local\Programs\MiKTeX\tex/latex/wasysym\wasy
sym.sty
Package: wasysym 2020/01/19 v2.4 Wasy-2 symbol support package
\symwasy=\mathgroup6
LaTeX Font Info:    Overwriting symbol font `wasy' in version `bold'
(Font)                  U/wasy/m/n --> U/wasy/b/n on input line 93.
)
(C:\Users\Sokaina Cherkane\AppData\Local\Programs\MiKTeX\tex/generic/iftex\ifxe
tex.sty
Package: ifxetex 2019/10/25 v0.7 ifxetex legacy package. Use iftex instead.
)
(C:\Users\Sokaina Cherkane\AppData\Local\Programs\MiKTeX\tex/latex/base\fontenc
.sty
Package: fontenc 2021/04/29 v2.0v Standard LaTeX package
)
(C:\Users\Sokaina Cherkane\AppData\Local\Programs\MiKTeX\tex/latex/psnfss\helve
t.sty
Package: helvet 2020/03/25 PSNFSS-v9.3 (WaS) 
)
(C:\Users\Sokaina Cherkane\AppData\Local\Programs\MiKTeX\tex/latex/psnfss\couri
er.sty
Package: courier 2020/03/25 PSNFSS-v9.3 (WaS) 
)
(C:\Users\Sokaina Cherkane\AppData\Local\Programs\MiKTeX\tex/latex/geometry\geo
metry.sty
Package: geometry 2020/01/02 v5.9 Page Geometry

(C:\Users\Sokaina Cherkane\AppData\Local\Programs\MiKTeX\tex/generic/iftex\ifvt
ex.sty
Package: ifvtex 2019/10/25 v1.7 ifvtex legacy package. Use iftex instead.
)
\Gm@cnth=\count341
\Gm@cntv=\count342
\c@Gm@tempcnt=\count343
\Gm@bindingoffset=\dimen196
\Gm@wd@mp=\dimen197
\Gm@odd@mp=\dimen198
\Gm@even@mp=\dimen199
\Gm@layoutwidth=\dimen256
\Gm@layoutheight=\dimen257
\Gm@layouthoffset=\dimen258
\Gm@layoutvoffset=\dimen259
\Gm@dimlist=\toks35

(C:\Users\Sokaina Cherkane\AppData\Local\Programs\MiKTeX\tex/latex/geometry\geo
metry.cfg))
(C:\Users\Sokaina Cherkane\AppData\Local\Programs\MiKTeX\tex/latex/changepage\c
hangepage.sty
Package: changepage 2009/10/20 v1.0c check page and change page layout
\c@cp@cntr=\count344
\cp@tempcnt=\count345
LaTeX Info: Redefining \checkoddpage on input line 59.
)
(C:\Users\Sokaina Cherkane\AppData\Local\Programs\MiKTeX\tex/latex/fancyhdr\fan
cyhdr.sty
Package: fancyhdr 2025/02/07 v5.2 Extensive control of page headers and footers

\f@nch@headwidth=\skip84
\f@nch@offset@elh=\skip85
\f@nch@offset@erh=\skip86
\f@nch@offset@olh=\skip87
\f@nch@offset@orh=\skip88
\f@nch@offset@elf=\skip89
\f@nch@offset@erf=\skip90
\f@nch@offset@olf=\skip91
\f@nch@offset@orf=\skip92
\f@nch@height=\skip93
\f@nch@footalignment=\skip94
\f@nch@widthL=\skip95
\f@nch@widthC=\skip96
\f@nch@widthR=\skip97
\@temptokenb=\toks36
)
(C:\Users\Sokaina Cherkane\AppData\Local\Programs\MiKTeX\tex/latex/natbib\natbi
b.sty
Package: natbib 2010/09/13 8.31b (PWD, AO)
\bibhang=\skip98
\bibsep=\skip99
LaTeX Info: Redefining \cite on input line 694.
\c@NAT@ctr=\count346
)
(C:\Users\Sokaina Cherkane\AppData\Local\Programs\MiKTeX\tex/latex/tocloft\tocl
oft.sty
Package: tocloft 2017/08/31 v2.3i parameterised ToC, etc., typesetting
Package tocloft Info: The document has chapter divisions on input line 51.
\cftparskip=\skip100
\cftbeforetoctitleskip=\skip101
\cftaftertoctitleskip=\skip102
\cftbeforepartskip=\skip103
\cftpartnumwidth=\skip104
\cftpartindent=\skip105
\cftbeforechapskip=\skip106
\cftchapindent=\skip107
\cftchapnumwidth=\skip108
\cftbeforesecskip=\skip109
\cftsecindent=\skip110
\cftsecnumwidth=\skip111
\cftbeforesubsecskip=\skip112
\cftsubsecindent=\skip113
\cftsubsecnumwidth=\skip114
\cftbeforesubsubsecskip=\skip115
\cftsubsubsecindent=\skip116
\cftsubsubsecnumwidth=\skip117
\cftbeforeparaskip=\skip118
\cftparaindent=\skip119
\cftparanumwidth=\skip120
\cftbeforesubparaskip=\skip121
\cftsubparaindent=\skip122
\cftsubparanumwidth=\skip123
\cftbeforeloftitleskip=\skip124
\cftafterloftitleskip=\skip125
\cftbeforefigskip=\skip126
\cftfigindent=\skip127
\cftfignumwidth=\skip128
\c@lofdepth=\count347
\c@lotdepth=\count348
\cftbeforelottitleskip=\skip129
\cftafterlottitleskip=\skip130
\cftbeforetabskip=\skip131
\cfttabindent=\skip132
\cfttabnumwidth=\skip133
)
\@indexfile=\write4
\openout4 = `refman.idx'.


Writing index file refman.idx

(C:\Users\Sokaina Cherkane\AppData\Local\Programs\MiKTeX\tex/latex/newunicodech
ar\newunicodechar.sty
Package: newunicodechar 2018/04/08 v1.2 Defining Unicode characters
)
(C:\Users\Sokaina Cherkane\AppData\Local\Programs\MiKTeX\tex/latex/hyperref\hyp
erref.sty
Package: hyperref 2024-11-05 v7.01l Hypertext links for LaTeX

(C:\Users\Sokaina Cherkane\AppData\Local\Programs\MiKTeX\tex/latex/kvsetkeys\kv
setkeys.sty
Package: kvsetkeys 2022-10-05 v1.19 Key value parser (HO)
)
(C:\Users\Sokaina Cherkane\AppData\Local\Programs\MiKTeX\tex/generic/kvdefineke
ys\kvdefinekeys.sty
Package: kvdefinekeys 2019-12-19 v1.6 Define keys (HO)
)
(C:\Users\Sokaina Cherkane\AppData\Local\Programs\MiKTeX\tex/generic/pdfescape\
pdfescape.sty
Package: pdfescape 2019/12/09 v1.15 Implements pdfTeX's escape features (HO)

(C:\Users\Sokaina Cherkane\AppData\Local\Programs\MiKTeX\tex/generic/ltxcmds\lt
xcmds.sty
Package: ltxcmds 2023-12-04 v1.26 LaTeX kernel commands for general use (HO)
)
(C:\Users\Sokaina Cherkane\AppData\Local\Programs\MiKTeX\tex/generic/pdftexcmds
\pdftexcmds.sty
Package: pdftexcmds 2020-06-27 v0.33 Utility functions of pdfTeX for LuaTeX (HO
)
Package pdftexcmds Info: \pdf@primitive is available.
Package pdftexcmds Info: \pdf@ifprimitive is available.
Package pdftexcmds Info: \pdfdraftmode found.
))
(C:\Users\Sokaina Cherkane\AppData\Local\Programs\MiKTeX\tex/latex/hycolor\hyco
lor.sty
Package: hycolor 2020-01-27 v1.10 Color options for hyperref/bookmark (HO)
)
(C:\Users\Sokaina Cherkane\AppData\Local\Programs\MiKTeX\tex/latex/hyperref\nam
eref.sty
Package: nameref 2023-11-26 v2.56 Cross-referencing by name of section

(C:\Users\Sokaina Cherkane\AppData\Local\Programs\MiKTeX\tex/latex/refcount\ref
count.sty
Package: refcount 2019/12/15 v3.6 Data extraction from label references (HO)
)
(C:\Users\Sokaina Cherkane\AppData\Local\Programs\MiKTeX\tex/generic/gettitlest
ring\gettitlestring.sty
Package: gettitlestring 2019/12/15 v1.6 Cleanup title references (HO)

(C:\Users\Sokaina Cherkane\AppData\Local\Programs\MiKTeX\tex/latex/kvoptions\kv
options.sty
Package: kvoptions 2022-06-15 v3.15 Key value format for package options (HO)
))
\c@section@level=\count349
)
(C:\Users\Sokaina Cherkane\AppData\Local\Programs\MiKTeX\tex/generic/stringenc\
stringenc.sty
Package: stringenc 2019/11/29 v1.12 Convert strings between diff. encodings (HO
)
)
\@linkdim=\dimen260
\Hy@linkcounter=\count350
\Hy@pagecounter=\count351

(C:\Users\Sokaina Cherkane\AppData\Local\Programs\MiKTeX\tex/latex/hyperref\pd1
enc.def
File: pd1enc.def 2024-11-05 v7.01l Hyperref: PDFDocEncoding definition (HO)
Now handling font encoding PD1 ...
... no UTF-8 mapping file for font encoding PD1
)
\Hy@SavedSpaceFactor=\count352

(C:\Users\Sokaina Cherkane\AppData\Local\Programs\MiKTeX\tex/latex/hyperref\pue
nc.def
File: puenc.def 2024-11-05 v7.01l Hyperref: PDF Unicode definition (HO)
Now handling font encoding PU ...
... no UTF-8 mapping file for font encoding PU
)
Package hyperref Info: Hyper figures OFF on input line 4157.
Package hyperref Info: Link nesting OFF on input line 4162.
Package hyperref Info: Hyper index ON on input line 4165.
Package hyperref Info: Plain pages OFF on input line 4172.
Package hyperref Info: Backreferencing ON on input line 4175.
Package hyperref Info: Implicit mode ON; LaTeX internals redefined.
Package hyperref Info: Bookmarks ON on input line 4424.

(C:\Users\Sokaina Cherkane\AppData\Local\Programs\MiKTeX\tex/latex/hyperref\bac
kref.sty
Package: backref 2023-11-26 v1.44 Bibliographical back referencing

(C:\Users\Sokaina Cherkane\AppData\Local\Programs\MiKTeX\tex/latex/rerunfileche
ck\rerunfilecheck.sty
Package: rerunfilecheck 2022-07-10 v1.10 Rerun checks for auxiliary files (HO)

(C:\Users\Sokaina Cherkane\AppData\Local\Programs\MiKTeX\tex/latex/base\atverye
nd-ltx.sty
Package: atveryend-ltx 2020/08/19 v1.0a Emulation of the original atveryend pac
kage
with kernel methods
)
(C:\Users\Sokaina Cherkane\AppData\Local\Programs\MiKTeX\tex/generic/uniquecoun
ter\uniquecounter.sty
Package: uniquecounter 2019/12/15 v1.4 Provide unlimited unique counter (HO)

(C:\Users\Sokaina Cherkane\AppData\Local\Programs\MiKTeX\tex/generic/bigintcalc
\bigintcalc.sty
Package: bigintcalc 2019/12/15 v1.5 Expandable calculations on big integers (HO
)
))
Package uniquecounter Info: New unique counter `rerunfilecheck' on input line 2
85.
))
\c@Hy@tempcnt=\count353

(C:\Users\Sokaina Cherkane\AppData\Local\Programs\MiKTeX\tex/latex/url\url.sty
\Urlmuskip=\muskip17
Package: url 2013/09/16  ver 3.4  Verb mode for urls, etc.
)
LaTeX Info: Redefining \url on input line 4763.
\XeTeXLinkMargin=\dimen261

(C:\Users\Sokaina Cherkane\AppData\Local\Programs\MiKTeX\tex/generic/bitset\bit
set.sty
Package: bitset 2019/12/09 v1.3 Handle bit-vector datatype (HO)
)
\Fld@menulength=\count354
\Field@Width=\dimen262
\Fld@charsize=\dimen263
Package hyperref Info: Hyper figures OFF on input line 6042.
Package hyperref Info: Link nesting OFF on input line 6047.
Package hyperref Info: Hyper index ON on input line 6050.
Package hyperref Info: backreferencing ON on input line 6055.
Package hyperref Info: Link coloring OFF on input line 6062.
Package hyperref Info: Link coloring with OCG OFF on input line 6067.
Package hyperref Info: PDF/A mode OFF on input line 6072.

(C:\Users\Sokaina Cherkane\AppData\Local\Programs\MiKTeX\tex/latex/base\atbegsh
i-ltx.sty
Package: atbegshi-ltx 2021/01/10 v1.0c Emulation of the original atbegshi
package with kernel methods
)
\Hy@abspage=\count355
\c@Item=\count356
\c@Hfootnote=\count357
)
Package hyperref Info: Driver: hpdftex.

(C:\Users\Sokaina Cherkane\AppData\Local\Programs\MiKTeX\tex/latex/hyperref\hpd
ftex.def
File: hpdftex.def 2024-11-05 v7.01l Hyperref driver for pdfTeX
\Fld@listcount=\count358
\c@bookmark@seq@number=\count359
\Hy@SectionHShift=\skip134
)
Package hyperref Info: Option `colorlinks' set `true' on input line 187.
Package hyperref Info: Option `unicode' set `true' on input line 187.

(C:\Users\Sokaina Cherkane\AppData\Local\Programs\MiKTeX\tex/latex/caption\capt
ion.sty
Package: caption 2023/08/05 v3.6o Customizing captions (AR)

(C:\Users\Sokaina Cherkane\AppData\Local\Programs\MiKTeX\tex/latex/caption\capt
ion3.sty
Package: caption3 2023/07/31 v2.4d caption3 kernel (AR)
\caption@tempdima=\dimen264
\captionmargin=\dimen265
\caption@leftmargin=\dimen266
\caption@rightmargin=\dimen267
\caption@width=\dimen268
\caption@indent=\dimen269
\caption@parindent=\dimen270
\caption@hangindent=\dimen271
Package caption Info: Standard document class detected.
)
\c@caption@flags=\count360
\c@continuedfloat=\count361
Package caption Info: changepage package is loaded.
\caption@adjustwidth@hsize=\dimen272
\caption@adjustwidth@linewidth=\dimen273
Package caption Info: float package is loaded.
Package caption Info: hyperref package is loaded.
Package caption Info: longtable package is loaded.

(C:\Users\Sokaina Cherkane\AppData\Local\Programs\MiKTeX\tex/latex/caption\ltca
ption.sty
Package: ltcaption 2021/01/08 v1.4c longtable captions (AR)
))
(C:\Users\Sokaina Cherkane\AppData\Local\Programs\MiKTeX\tex/latex/etoc\etoc.st
y
Package: etoc 2023/10/29 v1.2d Completely customisable TOCs (JFB)
\Etoc@toctoks=\toks37
\c@etoc@tocid=\count362
\etoc@framed@titlebox=\box123
\etoc@framed@contentsbox=\box124
)
LaTeX Font Info:    Trying to load font information for T1+phv on input line 20
9.

(C:\Users\Sokaina Cherkane\AppData\Local\Programs\MiKTeX\tex/latex/psnfss\t1phv
.fd
File: t1phv.fd 2020/03/25 scalable font definitions for T1/phv.
)
LaTeX Font Info:    Font shape `T1/phv/m/n' will be
(Font)              scaled to size 8.99994pt on input line 209.

(C:\Users\Sokaina Cherkane\AppData\Local\Programs\MiKTeX\tex/latex/l3backend\l3
backend-pdftex.def
File: l3backend-pdftex.def 2025-04-14 L3 backend support: PDF output (pdfTeX)
\l__color_backend_stack_int=\count363
) (refman.aux)
\openout1 = `refman.aux'.

LaTeX Font Info:    Checking defaults for OML/cmm/m/it on input line 209.
LaTeX Font Info:    ... okay on input line 209.
LaTeX Font Info:    Checking defaults for OMS/cmsy/m/n on input line 209.
LaTeX Font Info:    ... okay on input line 209.
LaTeX Font Info:    Checking defaults for OT1/cmr/m/n on input line 209.
LaTeX Font Info:    ... okay on input line 209.
LaTeX Font Info:    Checking defaults for T1/cmr/m/n on input line 209.
LaTeX Font Info:    ... okay on input line 209.
LaTeX Font Info:    Checking defaults for TS1/cmr/m/n on input line 209.
LaTeX Font Info:    ... okay on input line 209.
LaTeX Font Info:    Checking defaults for OMX/cmex/m/n on input line 209.
LaTeX Font Info:    ... okay on input line 209.
LaTeX Font Info:    Checking defaults for U/cmr/m/n on input line 209.
LaTeX Font Info:    ... okay on input line 209.
LaTeX Font Info:    Checking defaults for PD1/pdf/m/n on input line 209.
LaTeX Font Info:    ... okay on input line 209.
LaTeX Font Info:    Checking defaults for PU/pdf/m/n on input line 209.
LaTeX Font Info:    ... okay on input line 209.

(C:\Users\Sokaina Cherkane\AppData\Local\Programs\MiKTeX\tex/context/base/mkii\
supp-pdf.mkii
[Loading MPS to PDF converter (version 2006.09.02).]
\scratchcounter=\count364
\scratchdimen=\dimen274
\scratchbox=\box125
\nofMPsegments=\count365
\nofMParguments=\count366
\everyMPshowfont=\toks38
\MPscratchCnt=\count367
\MPscratchDim=\dimen275
\MPnumerator=\count368
\makeMPintoPDFobject=\count369
\everyMPtoPDFconversion=\toks39
)
(C:\Users\Sokaina Cherkane\AppData\Local\Programs\MiKTeX\tex/latex/epstopdf-pkg
\epstopdf-base.sty
Package: epstopdf-base 2020-01-24 v2.11 Base part for package epstopdf
Package epstopdf-base Info: Redefining graphics rule for `.eps' on input line 4
85.

(C:\Users\Sokaina Cherkane\AppData\Local\Programs\MiKTeX\tex/latex/00miktex\eps
topdf-sys.cfg
File: epstopdf-sys.cfg 2021/03/18 v2.0 Configuration of epstopdf for MiKTeX
))
*geometry* driver: auto-detecting
*geometry* detected driver: pdftex
*geometry* verbose mode - [ preamble ] result:
* driver: pdftex
* paper: a4paper
* layout: <same size as paper>
* layoutoffset:(h,v)=(0.0pt,0.0pt)
* modes: twoside 
* h-part:(L,W,R)=(71.13188pt, 455.24411pt, 71.13188pt)
* v-part:(T,H,B)=(71.13188pt, 702.78308pt, 71.13188pt)
* \paperwidth=597.50787pt
* \paperheight=845.04684pt
* \textwidth=455.24411pt
* \textheight=702.78308pt
* \oddsidemargin=-1.1381pt
* \evensidemargin=-1.1381pt
* \topmargin=-31.2056pt
* \headheight=12.0pt
* \headsep=18.06749pt
* \topskip=10.0pt
* \footskip=25.29494pt
* \marginparwidth=125.0pt
* \marginparsep=7.0pt
* \columnsep=10.0pt
* \skip\footins=9.0pt plus 4.0pt minus 2.0pt
* \hoffset=0.0pt
* \voffset=0.0pt
* \mag=1000
* \@twocolumnfalse
* \@twosidetrue
* \@mparswitchtrue
* \@reversemarginfalse
* (1in=72.27pt=25.4mm, 1cm=28.453pt)

Package backref Info: ** backref set up for natbib ** on input line 209.
Package hyperref Info: Link coloring ON on input line 209.
(refman.out) (refman.out)
\@outlinefile=\write5
\openout5 = `refman.out'.

Package caption Info: Begin \AtBeginDocument code.
Package caption Info: End \AtBeginDocument code.
\Etoc@tf=\read4
Package hyperref Info: Option `pageanchor' set `false' on input line 217.
Package hyperref Info: Option `bookmarksnumbered' set `true' on input line 217.

Package hyperref Info: Option `unicode' set `true' on input line 217.
LaTeX Font Info:    Font shape `T1/phv/m/n' will be
(Font)              scaled to size 12.9599pt on input line 222.
LaTeX Font Info:    Font shape `T1/phv/m/n' will be
(Font)              scaled to size 10.79993pt on input line 224.


[1


{C:/Users/Sokaina Cherkane/AppData/Local/MiKTeX/fonts/map/pdftex/pdftex.map}{C:
/Users/Sokaina Cherkane/AppData/Local/Programs/MiKTeX/fonts/enc/dvips/base/8r.e
nc}]

[2

]
\tf@toc=\write6
\openout6 = `refman.toc'.

LaTeX Font Info:    Font shape `T1/phv/b/n' will be
(Font)              scaled to size 8.99994pt on input line 230.
LaTeX Font Info:    Trying to load font information for U+msa on input line 230
.

(C:\Users\Sokaina Cherkane\AppData\Local\Programs\MiKTeX\tex/latex/amsfonts\ums
a.fd
File: umsa.fd 2013/01/14 v3.01 AMS symbols A
)
LaTeX Font Info:    Trying to load font information for U+msb on input line 230
.

(C:\Users\Sokaina Cherkane\AppData\Local\Programs\MiKTeX\tex/latex/amsfonts\ums
b.fd
File: umsb.fd 2013/01/14 v3.01 AMS symbols B
)
LaTeX Font Info:    Trying to load font information for U+wasy on input line 23
0.

(C:\Users\Sokaina Cherkane\AppData\Local\Programs\MiKTeX\tex/latex/wasysym\uwas
y.fd
File: uwasy.fd 2020/01/19 v2.4 Wasy-2 symbol font definitions
)
LaTeX Font Info:    Font shape `T1/phv/m/n' will be
(Font)              scaled to size 6.29996pt on input line 230.


LaTeX Font Info:    Font shape `T1/phv/b/n' will be
(Font)              scaled to size 6.29996pt on input line 230.
[1]

[2]

[3]

[4

]
Package hyperref Info: Option `pageanchor' set `true' on input line 233.

Chapter 1.
LaTeX Font Info:    Font shape `T1/phv/m/n' will be
(Font)              scaled to size 18.66588pt on input line 235.
LaTeX Font Info:    Font shape `T1/phv/b/n' will be
(Font)              scaled to size 18.66588pt on input line 235.
LaTeX Font Info:    Font shape `T1/phv/b/n' will be
(Font)              scaled to size 22.39185pt on input line 235.
(namespaces.tex
LaTeX Font Info:    Font shape `T1/phv/b/n' will be
(Font)              scaled to size 12.9599pt on input line 1.
)

[1

]

[2

]
Chapter 2.
(hierarchy.tex)

[3]

[4

]
Chapter 3.
(annotated.tex)

[5]

[6

]
Chapter 4.
(files.tex)

[7]

[8

]
Chapter 5.
(namespace_ui.tex
LaTeX Font Info:    Font shape `T1/phv/b/n' will be
(Font)              scaled to size 10.79993pt on input line 10.
)

[9]

[10

]
Chapter 6.
(class_coffee_instructions_dialog.tex
LaTeX Font Info:    Trying to load font information for T1+pcr on input line 10
.

(C:\Users\Sokaina Cherkane\AppData\Local\Programs\MiKTeX\tex/latex/psnfss\t1pcr
.fd
File: t1pcr.fd 2001/06/04 font definitions for T1/pcr.
)
Package epstopdf Info: Source file: <class_coffee_instructions_dialog.eps>
(epstopdf)                    date: 2025-05-19 16:12:48
(epstopdf)                    size: 3804 bytes
(epstopdf)             Output file: <class_coffee_instructions_dialog-eps-conve
rted-to.pdf>
(epstopdf)                    date: 2025-05-19 16:31:14
(epstopdf)                    size: 5834 bytes
(epstopdf)             Command: <miktex-epstopdf --outfile=class_coffee_instruc
tions_dialog-eps-converted-to.pdf class_coffee_instructions_dialog.eps>
(epstopdf)             \includegraphics on input line 15.
Package epstopdf Info: Output file is already uptodate.
 <./class_coffee_instructions_dialog-eps-converted-to.pdf>
<class_coffee_instructions_dialog-eps-converted-to.pdf, id=708, 501.875pt x 254
.9525pt>
File: class_coffee_instructions_dialog-eps-converted-to.pdf Graphic file (type 
pdf)
<use class_coffee_instructions_dialog-eps-converted-to.pdf>
Package pdftex.def Info: class_coffee_instructions_dialog-eps-converted-to.pdf 
 used on input line 15.
(pdftex.def)             Requested size: 112.01335pt x 56.9055pt.
LaTeX Font Info:    Trying to load font information for TS1+phv on input line 2
1.

(C:\Users\Sokaina Cherkane\AppData\Local\Programs\MiKTeX\tex/latex/psnfss\ts1ph
v.fd
File: ts1phv.fd 2020/03/25 scalable font definitions for TS1/phv.
)
LaTeX Font Info:    Font shape `TS1/phv/m/n' will be
(Font)              scaled to size 8.99994pt on input line 21.
LaTeX Font Info:    Font shape `T1/phv/m/n' will be
(Font)              scaled to size 8.09995pt on input line 22.
LaTeX Font Info:    Font shape `T1/phv/m/it' in size <9> not available
(Font)              Font shape `T1/phv/m/sl' tried instead on input line 22.
LaTeX Font Info:    Font shape `T1/phv/m/sl' will be
(Font)              scaled to size 8.09995pt on input line 22.
LaTeX Font Info:    Font shape `T1/phv/m/n' will be
(Font)              scaled to size 7.19995pt on input line 41.
LaTeX Font Info:    Font shape `T1/pcr/m/it' in size <8> not available
(Font)              Font shape `T1/pcr/m/sl' tried instead on input line 42.


[11]) (class_data_fetcher.tex
LaTeX Font Info:    Font shape `T1/phv/m/it' in size <7> not available
(Font)              Font shape `T1/phv/m/sl' tried instead on input line 17.
LaTeX Font Info:    Font shape `T1/phv/m/sl' will be
(Font)              scaled to size 6.29996pt on input line 17.
LaTeX Font Info:    Font shape `T1/pcr/m/it' in size <7> not available
(Font)              Font shape `T1/pcr/m/sl' tried instead on input line 37.


[12]
Underfull \hbox (badness 10000) detected at line 54
[][][]
 []


Underfull \hbox (badness 10000) detected at line 78
[][][]
 []

) (struct_data_point.tex

[13]) (classgraph_dialog.tex
Package epstopdf Info: Source file: <classgraph_dialog.eps>
(epstopdf)                    date: 2025-05-19 16:12:49
(epstopdf)                    size: 3778 bytes
(epstopdf)             Output file: <classgraph_dialog-eps-converted-to.pdf>
(epstopdf)                    date: 2025-05-19 18:40:19
(epstopdf)                    size: 5106 bytes
(epstopdf)             Command: <miktex-epstopdf --outfile=classgraph_dialog-ep
s-converted-to.pdf classgraph_dialog.eps>
(epstopdf)             \includegraphics on input line 15.
Package epstopdf Info: Output file is already uptodate.
 <./classgraph_dialog-eps-converted-to.pdf>
<classgraph_dialog-eps-converted-to.pdf, id=759, 501.875pt x 451.6875pt>
File: classgraph_dialog-eps-converted-to.pdf Graphic file (type pdf)
<use classgraph_dialog-eps-converted-to.pdf>
Package pdftex.def Info: classgraph_dialog-eps-converted-to.pdf  used on input 
line 15.
(pdftex.def)             Requested size: 63.22432pt x 56.9055pt.


[14]

[15]

[16]) (class_graph_widget.tex
Package epstopdf Info: Source file: <class_graph_widget.eps>
(epstopdf)                    date: 2025-05-19 16:12:49
(epstopdf)                    size: 3790 bytes
(epstopdf)             Output file: <class_graph_widget-eps-converted-to.pdf>
(epstopdf)                    date: 2025-05-19 18:40:22
(epstopdf)                    size: 5920 bytes
(epstopdf)             Command: <miktex-epstopdf --outfile=class_graph_widget-e
ps-converted-to.pdf class_graph_widget.eps>
(epstopdf)             \includegraphics on input line 15.
Package epstopdf Info: Output file is already uptodate.
 <./class_graph_widget-eps-converted-to.pdf>
<class_graph_widget-eps-converted-to.pdf, id=824, 501.875pt x 368.37625pt>
File: class_graph_widget-eps-converted-to.pdf Graphic file (type pdf)
<use class_graph_widget-eps-converted-to.pdf>
Package pdftex.def Info: class_graph_widget-eps-converted-to.pdf  used on input
 line 15.
(pdftex.def)             Requested size: 77.52179pt x 56.9055pt.


[17]

[18]

[19]) (class_info_detail_dialog.tex
Package epstopdf Info: Source file: <class_info_detail_dialog.eps>
(epstopdf)                    date: 2025-05-19 16:12:50
(epstopdf)                    size: 3788 bytes
(epstopdf)             Output file: <class_info_detail_dialog-eps-converted-to.
pdf>
(epstopdf)                    date: 2025-05-19 18:40:24
(epstopdf)                    size: 5254 bytes
(epstopdf)             Command: <miktex-epstopdf --outfile=class_info_detail_di
alog-eps-converted-to.pdf class_info_detail_dialog.eps>
(epstopdf)             \includegraphics on input line 15.
Package epstopdf Info: Output file is already uptodate.
 <./class_info_detail_dialog-eps-converted-to.pdf>
<class_info_detail_dialog-eps-converted-to.pdf, id=887, 501.875pt x 368.37625pt
>
File: class_info_detail_dialog-eps-converted-to.pdf Graphic file (type pdf)
<use class_info_detail_dialog-eps-converted-to.pdf>
Package pdftex.def Info: class_info_detail_dialog-eps-converted-to.pdf  used on
 input line 15.
(pdftex.def)             Requested size: 77.52179pt x 56.9055pt.


[20]) (class_main_window.tex
Package epstopdf Info: Source file: <class_main_window.eps>
(epstopdf)                    date: 2025-05-19 16:12:50
(epstopdf)                    size: 3784 bytes
(epstopdf)             Output file: <class_main_window-eps-converted-to.pdf>
(epstopdf)                    date: 2025-05-19 18:40:27
(epstopdf)                    size: 5007 bytes
(epstopdf)             Command: <miktex-epstopdf --outfile=class_main_window-ep
s-converted-to.pdf class_main_window.eps>
(epstopdf)             \includegraphics on input line 15.
Package epstopdf Info: Output file is already uptodate.
 <./class_main_window-eps-converted-to.pdf>
<class_main_window-eps-converted-to.pdf, id=908, 501.875pt x 394.47375pt>
File: class_main_window-eps-converted-to.pdf Graphic file (type pdf)
<use class_main_window-eps-converted-to.pdf>
Package pdftex.def Info: class_main_window-eps-converted-to.pdf  used on input 
line 15.
(pdftex.def)             Requested size: 72.39859pt x 56.9055pt.


[21]

[22]) (class_one_day_dialog.tex
Package epstopdf Info: Source file: <class_one_day_dialog.eps>
(epstopdf)                    date: 2025-05-19 16:12:50
(epstopdf)                    size: 3780 bytes
(epstopdf)             Output file: <class_one_day_dialog-eps-converted-to.pdf>

(epstopdf)                    date: 2025-05-19 18:40:30
(epstopdf)                    size: 5226 bytes
(epstopdf)             Command: <miktex-epstopdf --outfile=class_one_day_dialog
-eps-converted-to.pdf class_one_day_dialog.eps>
(epstopdf)             \includegraphics on input line 6.
Package epstopdf Info: Output file is already uptodate.
 <./class_one_day_dialog-eps-converted-to.pdf>
<class_one_day_dialog-eps-converted-to.pdf, id=956, 501.875pt x 390.45876pt>
File: class_one_day_dialog-eps-converted-to.pdf Graphic file (type pdf)
<use class_one_day_dialog-eps-converted-to.pdf>
Package pdftex.def Info: class_one_day_dialog-eps-converted-to.pdf  used on inp
ut line 6.
(pdftex.def)             Requested size: 73.14142pt x 56.9055pt.


[23]) (class_one_month_dialog.tex
Package epstopdf Info: Source file: <class_one_month_dialog.eps>
(epstopdf)                    date: 2025-05-19 16:12:50
(epstopdf)                    size: 3784 bytes
(epstopdf)             Output file: <class_one_month_dialog-eps-converted-to.pd
f>
(epstopdf)                    date: 2025-05-19 18:40:33
(epstopdf)                    size: 5419 bytes
(epstopdf)             Command: <miktex-epstopdf --outfile=class_one_month_dial
og-eps-converted-to.pdf class_one_month_dialog.eps>
(epstopdf)             \includegraphics on input line 6.
Package epstopdf Info: Output file is already uptodate.
 <./class_one_month_dialog-eps-converted-to.pdf>
<class_one_month_dialog-eps-converted-to.pdf, id=972, 501.875pt x 349.305pt>
File: class_one_month_dialog-eps-converted-to.pdf Graphic file (type pdf)
<use class_one_month_dialog-eps-converted-to.pdf>
Package pdftex.def Info: class_one_month_dialog-eps-converted-to.pdf  used on i
nput line 6.
(pdftex.def)             Requested size: 81.75665pt x 56.9055pt.
) (class_one_week_dialog.tex
Package epstopdf Info: Source file: <class_one_week_dialog.eps>
(epstopdf)                    date: 2025-05-19 16:12:50
(epstopdf)                    size: 3782 bytes
(epstopdf)             Output file: <class_one_week_dialog-eps-converted-to.pdf
>
(epstopdf)                    date: 2025-05-19 18:40:36
(epstopdf)                    size: 5368 bytes
(epstopdf)             Command: <miktex-epstopdf --outfile=class_one_week_dialo
g-eps-converted-to.pdf class_one_week_dialog.eps>
(epstopdf)             \includegraphics on input line 6.
Package epstopdf Info: Output file is already uptodate.
 <./class_one_week_dialog-eps-converted-to.pdf>
<class_one_week_dialog-eps-converted-to.pdf, id=978, 501.875pt x 362.35374pt>
File: class_one_week_dialog-eps-converted-to.pdf Graphic file (type pdf)
<use class_one_week_dialog-eps-converted-to.pdf>
Package pdftex.def Info: class_one_week_dialog-eps-converted-to.pdf  used on in
put line 6.
(pdftex.def)             Requested size: 78.81598pt x 56.9055pt.


[24]) (class_options_dialog.tex
Package epstopdf Info: Source file: <class_options_dialog.eps>
(epstopdf)                    date: 2025-05-19 16:12:50
(epstopdf)                    size: 3782 bytes
(epstopdf)             Output file: <class_options_dialog-eps-converted-to.pdf>

(epstopdf)                    date: 2025-05-19 18:40:39
(epstopdf)                    size: 5386 bytes
(epstopdf)             Command: <miktex-epstopdf --outfile=class_options_dialog
-eps-converted-to.pdf class_options_dialog.eps>
(epstopdf)             \includegraphics on input line 15.
Package epstopdf Info: Output file is already uptodate.
 <./class_options_dialog-eps-converted-to.pdf>
<class_options_dialog-eps-converted-to.pdf, id=998, 501.875pt x 406.51875pt>
File: class_options_dialog-eps-converted-to.pdf Graphic file (type pdf)
<use class_options_dialog-eps-converted-to.pdf>
Package pdftex.def Info: class_options_dialog-eps-converted-to.pdf  used on inp
ut line 15.
(pdftex.def)             Requested size: 70.2467pt x 56.9055pt.


[25]) (class_sensor_analytics_dialog.tex
Package epstopdf Info: Source file: <class_sensor_analytics_dialog.eps>
(epstopdf)                    date: 2025-05-19 16:12:50
(epstopdf)                    size: 3798 bytes
(epstopdf)             Output file: <class_sensor_analytics_dialog-eps-converte
d-to.pdf>
(epstopdf)                    date: 2025-05-19 18:40:42
(epstopdf)                    size: 5823 bytes
(epstopdf)             Command: <miktex-epstopdf --outfile=class_sensor_analyti
cs_dialog-eps-converted-to.pdf class_sensor_analytics_dialog.eps>
(epstopdf)             \includegraphics on input line 15.
Package epstopdf Info: Output file is already uptodate.
 <./class_sensor_analytics_dialog-eps-converted-to.pdf>
<class_sensor_analytics_dialog-eps-converted-to.pdf, id=1023, 501.875pt x 272.0
1625pt>
File: class_sensor_analytics_dialog-eps-converted-to.pdf Graphic file (type pdf
)
<use class_sensor_analytics_dialog-eps-converted-to.pdf>
Package pdftex.def Info: class_sensor_analytics_dialog-eps-converted-to.pdf  us
ed on input line 15.
(pdftex.def)             Requested size: 104.99098pt x 56.9055pt.


[26]

[27]) (class_settings_dialog.tex
Package epstopdf Info: Source file: <class_settings_dialog.eps>
(epstopdf)                    date: 2025-05-19 16:12:50
(epstopdf)                    size: 3784 bytes
(epstopdf)             Output file: <class_settings_dialog-eps-converted-to.pdf
>
(epstopdf)                    date: 2025-05-19 18:40:45
(epstopdf)                    size: 5399 bytes
(epstopdf)             Command: <miktex-epstopdf --outfile=class_settings_dialo
g-eps-converted-to.pdf class_settings_dialog.eps>
(epstopdf)             \includegraphics on input line 15.
Package epstopdf Info: Output file is already uptodate.
 <./class_settings_dialog-eps-converted-to.pdf>
<class_settings_dialog-eps-converted-to.pdf, id=1059, 501.875pt x 401.5pt>
File: class_settings_dialog-eps-converted-to.pdf Graphic file (type pdf)
<use class_settings_dialog-eps-converted-to.pdf>
Package pdftex.def Info: class_settings_dialog-eps-converted-to.pdf  used on in
put line 15.
(pdftex.def)             Requested size: 71.12737pt x 56.9055pt.


[28]) (class_statistics.tex
Package epstopdf Info: Source file: <class_statistics.eps>
(epstopdf)                    date: 2025-05-19 16:12:51
(epstopdf)                    size: 3776 bytes
(epstopdf)             Output file: <class_statistics-eps-converted-to.pdf>
(epstopdf)                    date: 2025-05-19 18:40:48
(epstopdf)                    size: 5280 bytes
(epstopdf)             Command: <miktex-epstopdf --outfile=class_statistics-eps
-converted-to.pdf class_statistics.eps>
(epstopdf)             \includegraphics on input line 15.
Package epstopdf Info: Output file is already uptodate.
 <./class_statistics-eps-converted-to.pdf>
<class_statistics-eps-converted-to.pdf, id=1079, 501.875pt x 582.175pt>
File: class_statistics-eps-converted-to.pdf Graphic file (type pdf)
<use class_statistics-eps-converted-to.pdf>
Package pdftex.def Info: class_statistics-eps-converted-to.pdf  used on input l
ine 15.
(pdftex.def)             Requested size: 49.0494pt x 56.9055pt.


[29]) (class_warning_dialog.tex) (class_web_socket_client.tex
Package epstopdf Info: Source file: <class_web_socket_client.eps>
(epstopdf)                    date: 2025-05-19 16:12:51
(epstopdf)                    size: 3786 bytes
(epstopdf)             Output file: <class_web_socket_client-eps-converted-to.p
df>
(epstopdf)                    date: 2025-05-19 18:40:51
(epstopdf)                    size: 5911 bytes
(epstopdf)             Command: <miktex-epstopdf --outfile=class_web_socket_cli
ent-eps-converted-to.pdf class_web_socket_client.eps>
(epstopdf)             \includegraphics on input line 15.
Package epstopdf Info: Output file is already uptodate.
 <./class_web_socket_client-eps-converted-to.pdf>
<class_web_socket_client-eps-converted-to.pdf, id=1102, 501.875pt x 349.305pt>
File: class_web_socket_client-eps-converted-to.pdf Graphic file (type pdf)
<use class_web_socket_client-eps-converted-to.pdf>
Package pdftex.def Info: class_web_socket_client-eps-converted-to.pdf  used on 
input line 15.
(pdftex.def)             Requested size: 81.75665pt x 56.9055pt.


[30]

[31])

[32]
Chapter 7.
(coffeeinstructionsdialog_8h_source.tex) (datafetcher_8h_source.tex)
(graphdialog_8h_source.tex

[33

]) (graphview_8h_source.tex

[34]) (infodetaildialog_8h_source.tex) (mainwindow_8h_source.tex

[35]) (moc__predefs_8h_source.tex

[36]

[37]

[38]

[39]

[40]) (onedaydialog_8h_source.tex

[41]) (onemonthdialog_8h_source.tex) (oneweekdialog_8h_source.tex)
(optionsdialog_8h_source.tex

[42]) (sensoranalyticsdialog_8h_source.tex) (settingsdialog_8h_source.tex

[43]) (statistics_8h_source.tex) (warningdialog_8h_source.tex)
(websocketclient_8h_source.tex)

[44] (refman.ind
LaTeX Font Info:    Font shape `T1/phv/m/n' will be
(Font)              scaled to size 22.39185pt on input line 1.




[45



]) (refman.aux)
 ***********
LaTeX2e <2024-11-01> patch level 2
L3 programming layer <2025-04-14>
 ***********
Package rerunfilecheck Info: File `refman.out' has not changed.
(rerunfilecheck)             Checksum: 2128C43577B24A0BC0D2DCCBF24FD157;21457.
 ) 
Here is how much of TeX's memory you used:
 19372 strings out of 469941
 336944 string characters out of 5464070
 731830 words of memory out of 5000000
 45422 multiletter control sequences out of 15000+600000
 681169 words of font info for 107 fonts, out of 8000000 for 9000
 1141 hyphenation exceptions out of 8191
 101i,16n,117p,453b,749s stack positions out of 10000i,1000n,20000p,200000b,200000s
<C:/Users/Sokaina Cherkane/AppData/Local/Programs/MiKTeX/fonts/type1/public/a
msfonts/cm/cmmi10.pfb><C:/Users/Sokaina Cherkane/AppData/Local/Programs/MiKTeX/
fonts/type1/public/amsfonts/cm/cmmi8.pfb><C:/Users/Sokaina Cherkane/AppData/Loc
al/Programs/MiKTeX/fonts/type1/public/amsfonts/cm/cmsy10.pfb><C:/Users/Sokaina 
Cherkane/AppData/Local/Programs/MiKTeX/fonts/type1/public/amsfonts/cm/cmsy8.pfb
><C:/Users/Sokaina Cherkane/AppData/Local/Programs/MiKTeX/fonts/type1/urw/couri
er/ucrr8a.pfb><C:/Users/Sokaina Cherkane/AppData/Local/Programs/MiKTeX/fonts/ty
pe1/urw/courier/ucrro8a.pfb><C:/Users/Sokaina Cherkane/AppData/Local/Programs/M
iKTeX/fonts/type1/urw/helvetic/uhvb8a.pfb><C:/Users/Sokaina Cherkane/AppData/Lo
cal/Programs/MiKTeX/fonts/type1/urw/helvetic/uhvb8ac.pfb><C:/Users/Sokaina Cher
kane/AppData/Local/Programs/MiKTeX/fonts/type1/urw/helvetic/uhvr8a.pfb><C:/User
s/Sokaina Cherkane/AppData/Local/Programs/MiKTeX/fonts/type1/urw/helvetic/uhvro
8a.pfb>
Output written on refman.pdf (51 pages, 417372 bytes).
PDF statistics:
 1503 PDF objects out of 1728 (max. 8388607)
 362 named destinations out of 1000 (max. 500000)
 906 words of extra memory for PDF output out of 10000 (max. 10000000)

